<?xml version="1.0" encoding="UTF-8"?>
<testng-results skipped="0" failed="0" ignored="0" total="1" passed="1">
  <reporter-output>
  </reporter-output>
  <suite name="Default suite" duration-ms="108983" started-at="2018-12-30T17:53:36Z" finished-at="2018-12-30T17:55:25Z">
    <groups>
    </groups>
    <test name="Default test" duration-ms="108983" started-at="2018-12-30T17:53:36Z" finished-at="2018-12-30T17:55:25Z">
      <class name="com.training.sanity.tests.RTTC_035">
        <test-method status="PASS" signature="setUpBeforeClass()[pri:0, instance:com.training.sanity.tests.RTTC_035@604ed9f0]" name="setUpBeforeClass" is-config="true" duration-ms="28146" started-at="2018-12-30T17:53:36Z" finished-at="2018-12-30T17:54:04Z">
          <reporter-output>
          </reporter-output>
        </test-method> <!-- setUpBeforeClass -->
        <test-method status="PASS" signature="validRTTC_035Test()[pri:0, instance:com.training.sanity.tests.RTTC_035@604ed9f0]" name="validRTTC_035Test" duration-ms="79000" started-at="2018-12-30T17:54:04Z" finished-at="2018-12-30T17:55:23Z">
          <reporter-output>
          </reporter-output>
        </test-method> <!-- validRTTC_035Test -->
        <test-method status="PASS" signature="tearDown()[pri:0, instance:com.training.sanity.tests.RTTC_035@604ed9f0]" name="tearDown" is-config="true" duration-ms="1821" started-at="2018-12-30T17:55:23Z" finished-at="2018-12-30T17:55:25Z">
          <reporter-output>
          </reporter-output>
        </test-method> <!-- tearDown -->
      </class> <!-- com.training.sanity.tests.RTTC_035 -->
    </test> <!-- Default test -->
  </suite> <!-- Default suite -->
</testng-results>
