<?xml version="1.0" encoding="UTF-8"?>
<!-- Generated by org.testng.reporters.JUnitXMLReporter -->
<testsuite hostname="DESKTOP-AD27D2M" ignored="0" name="Default test" tests="2" failures="0" timestamp="17 Jan 2019 10:52:26 GMT" time="58.206" errors="0">
  <testcase name="validTC_061Test" time="26.157" classname="com.training.sanity.tests.TC_061"/>
  <testcase name="Registration_dataTest" time="0.0" classname="com.training.sanity.tests.TC_061">
    <skipped/>
  </testcase> <!-- Registration_dataTest -->
</testsuite> <!-- Default test -->
